<?xml version="1.0" encoding="UTF-8"?>
<!-- Generated by org.testng.reporters.JUnitReportReporter -->
<testsuite hostname="LAPTOP-BVGKOV0P" failures="0" tests="1" name="Academy.ValidateNavigationbar" time="6.945" errors="0" timestamp="22 Sep 2020 19:17:10 GMT">
  <testcase classname="Academy.ValidateNavigationbar" name="basePageNavigation" time="6.945"/>
</testsuite> <!-- Academy.ValidateNavigationbar -->
