<?xml version="1.0" encoding="UTF-8"?>
<!-- Generated by org.testng.reporters.JUnitReportReporter -->
<testsuite hostname="LAPTOP-BVGKOV0P" failures="0" tests="2" name="Academy.HomePage" time="10.135" errors="0" timestamp="22 Sep 2020 19:15:00 GMT">
  <testcase classname="Academy.HomePage" name="baseNavigation" time="3.770"/>
  <testcase classname="Academy.HomePage" name="baseNavigation" time="6.365"/>
</testsuite> <!-- Academy.HomePage -->
