<?xml version="1.0" encoding="UTF-8"?>
<!-- Generated by org.testng.reporters.JUnitReportReporter -->
<testsuite hostname="LAPTOP-BVGKOV0P" failures="0" tests="2" name="academy.HomePageTest" time="9.369" errors="0" timestamp="22 Sep 2020 22:17:29 GMT">
  <testcase classname="academy.HomePageTest" name="baseNavigation" time="6.796"/>
  <testcase classname="academy.HomePageTest" name="baseNavigation" time="2.573"/>
</testsuite> <!-- academy.HomePageTest -->
