<?xml version="1.0" encoding="UTF-8"?>
<!-- Generated by org.testng.reporters.JUnitReportReporter -->
<testsuite hostname="LAPTOP-BVGKOV0P" failures="0" tests="2" name="academy.tests.HomePageTest" time="8.609" errors="0" timestamp="22 Sep 2020 22:33:47 GMT">
  <testcase classname="academy.tests.HomePageTest" name="baseNavigation" time="5.542"/>
  <testcase classname="academy.tests.HomePageTest" name="baseNavigation" time="3.067"/>
</testsuite> <!-- academy.tests.HomePageTest -->
