<?xml version="1.0" encoding="UTF-8"?>
<!-- Generated by org.testng.reporters.JUnitReportReporter -->
<testsuite hostname="LAPTOP-BVGKOV0P" failures="0" tests="1" name="Academy.ValidateTitle" time="0.024" errors="0" timestamp="20 May 2020 23:14:10 GMT">
  <testcase classname="Academy.ValidateTitle" name="basePageNavigation" time="0.024"/>
</testsuite> <!-- Academy.ValidateTitle -->
