<?xml version="1.0" encoding="UTF-8"?>
<!-- Generated by org.testng.reporters.JUnitReportReporter -->
<testsuite hostname="LAPTOP-BVGKOV0P" failures="0" tests="2" name="Academy.HomePage" time="9.850" errors="0" timestamp="20 May 2020 23:14:10 GMT">
  <testcase classname="Academy.HomePage" name="baseNavigation" time="3.572"/>
  <testcase classname="Academy.HomePage" name="baseNavigation" time="6.278"/>
</testsuite> <!-- Academy.HomePage -->
