<?xml version="1.0" encoding="UTF-8"?>
<!-- Generated by org.testng.reporters.JUnitReportReporter -->
<testsuite hostname="LAPTOP-BVGKOV0P" failures="0" tests="1" name="Academy.ValidateNavigationbar" time="2.456" errors="0" timestamp="20 May 2020 23:14:10 GMT">
  <testcase classname="Academy.ValidateNavigationbar" name="basePageNavigation" time="2.456"/>
</testsuite> <!-- Academy.ValidateNavigationbar -->
